<?xml version="1.0" encoding="UTF-8"?>
<!-- Generated by org.testng.reporters.JUnitReportReporter -->
<testsuite hostname="Pebbles" failures="0" tests="1" name="com.salesforcetest.SalesforceTestAutomation" time="28.123" errors="0" timestamp="2023-02-12T21:19:23 EST" skipped="0">
  <testcase classname="com.salesforcetest.SalesforceTestAutomation" name="createNewOptyTc16" time="28.123"/>
  <system-out/>
</testsuite> <!-- com.salesforcetest.SalesforceTestAutomation -->
